        -:    0:Source:dominion.c
        -:    0:Graph:dominion.gcno
        -:    0:Data:dominion.gcda
        -:    0:Runs:8
        -:    0:Programs:8
        -:    1:#include "dominion.h"
        -:    2:#include "dominion_helpers.h"
        -:    3:#include "rngs.h"
        -:    4:#include <stdio.h>
        -:    5:#include <math.h>
        -:    6:#include <stdlib.h>
        -:    7:
function compare called 240 returned 100% blocks executed 83%
      240:    8:int compare(const void* a, const void* b) {
      240:    9:  if (*(int*)a > *(int*)b)
branch  0 taken 0% (fallthrough)
branch  1 taken 100%
    #####:   10:    return 1;
      240:   11:  if (*(int*)a < *(int*)b)
branch  0 taken 27% (fallthrough)
branch  1 taken 73%
       64:   12:    return -1;
      176:   13:  return 0;
        -:   14:}
        -:   15:
function newGame called 0 returned 0% blocks executed 0%
    #####:   16:struct gameState* newGame() {
    #####:   17:  struct gameState* g = malloc(sizeof(struct gameState));
    #####:   18:  return g;
        -:   19:}
        -:   20:
function kingdomCards called 0 returned 0% blocks executed 0%
    #####:   21:int* kingdomCards(int k1, int k2, int k3, int k4, int k5, int k6, int k7,
        -:   22:		  int k8, int k9, int k10) {
    #####:   23:  int* k = malloc(10 * sizeof(int));
    #####:   24:  k[0] = k1;
    #####:   25:  k[1] = k2;
    #####:   26:  k[2] = k3;
    #####:   27:  k[3] = k4;
    #####:   28:  k[4] = k5;
    #####:   29:  k[5] = k6;
    #####:   30:  k[6] = k7;
    #####:   31:  k[7] = k8;
    #####:   32:  k[8] = k9;
    #####:   33:  k[9] = k10;
    #####:   34:  return k;
        -:   35:}
        -:   36:
function initializeGame called 8 returned 100% blocks executed 88%
        8:   37:int initializeGame(int numPlayers, int kingdomCards[10], int randomSeed,
        -:   38:		   struct gameState *state) {
        -:   39:
        -:   40:  int i;
        -:   41:  int j;
        -:   42:  int it;			
        -:   43:  //set up random number generator
        8:   44:  SelectStream(1);
call    0 returned 100%
        8:   45:  PutSeed((long)randomSeed);
call    0 returned 100%
        -:   46:  
        -:   47:  //check number of players
        8:   48:  if (numPlayers > MAX_PLAYERS || numPlayers < 2)
branch  0 taken 100% (fallthrough)
branch  1 taken 0%
branch  2 taken 0% (fallthrough)
branch  3 taken 100%
        -:   49:    {
    #####:   50:      return -1;
        -:   51:    }
        -:   52:
        -:   53:  //set number of players
        8:   54:  state->numPlayers = numPlayers;
        -:   55:
        -:   56:  //check selected kingdom cards are different
       88:   57:  for (i = 0; i < 10; i++)
branch  0 taken 91%
branch  1 taken 9% (fallthrough)
        -:   58:    {
      880:   59:      for (j = 0; j < 10; j++)
branch  0 taken 91%
branch  1 taken 9% (fallthrough)
        -:   60:        {
      800:   61:	  if (j != i && kingdomCards[j] == kingdomCards[i])
branch  0 taken 90% (fallthrough)
branch  1 taken 10%
branch  2 taken 0% (fallthrough)
branch  3 taken 100%
        -:   62:	    {
    #####:   63:	      return -1;
        -:   64:	    }
        -:   65:        }
        -:   66:    }
        -:   67:
        -:   68:
        -:   69:  //initialize supply
        -:   70:  ///////////////////////////////
        -:   71:
        -:   72:  //set number of Curse cards
        8:   73:  if (numPlayers == 2)
branch  0 taken 100% (fallthrough)
branch  1 taken 0%
        -:   74:    {
        8:   75:      state->supplyCount[curse] = 10;
        -:   76:    }
    #####:   77:  else if (numPlayers == 3)
branch  0 never executed
branch  1 never executed
        -:   78:    {
    #####:   79:      state->supplyCount[curse] = 20;
        -:   80:    }
        -:   81:  else
        -:   82:    {
    #####:   83:      state->supplyCount[curse] = 30;
        -:   84:    }
        -:   85:
        -:   86:  //set number of Victory cards
        8:   87:  if (numPlayers == 2)
branch  0 taken 100% (fallthrough)
branch  1 taken 0%
        -:   88:    {
        8:   89:      state->supplyCount[estate] = 8;
        8:   90:      state->supplyCount[duchy] = 8;
        8:   91:      state->supplyCount[province] = 8;
        -:   92:    }
        -:   93:  else
        -:   94:    {
    #####:   95:      state->supplyCount[estate] = 12;
    #####:   96:      state->supplyCount[duchy] = 12;
    #####:   97:      state->supplyCount[province] = 12;
        -:   98:    }
        -:   99:
        -:  100:  //set number of Treasure cards
        8:  101:  state->supplyCount[copper] = 60 - (7 * numPlayers);
        8:  102:  state->supplyCount[silver] = 40;
        8:  103:  state->supplyCount[gold] = 30;
        -:  104:
        -:  105:  //set number of Kingdom cards
      168:  106:  for (i = adventurer; i <= treasure_map; i++)       	//loop all cards
branch  0 taken 95%
branch  1 taken 5% (fallthrough)
        -:  107:    {
     1320:  108:      for (j = 0; j < 10; j++)           		//loop chosen cards
branch  0 taken 94%
branch  1 taken 6% (fallthrough)
        -:  109:	{
     1240:  110:	  if (kingdomCards[j] == i)
branch  0 taken 6% (fallthrough)
branch  1 taken 94%
        -:  111:	    {
        -:  112:	      //check if card is a 'Victory' Kingdom card
       80:  113:	      if (kingdomCards[j] == great_hall || kingdomCards[j] == gardens)
branch  0 taken 90% (fallthrough)
branch  1 taken 10%
branch  2 taken 11% (fallthrough)
branch  3 taken 89%
        -:  114:		{
       32:  115:		  if (numPlayers == 2){ 
branch  0 taken 100% (fallthrough)
branch  1 taken 0%
       16:  116:		    state->supplyCount[i] = 8; 
        -:  117:		  }
    #####:  118:		  else{ state->supplyCount[i] = 12; }
        -:  119:		}
        -:  120:	      else
        -:  121:		{
       64:  122:		  state->supplyCount[i] = 10;
        -:  123:		}
       80:  124:	      break;
        -:  125:	    }
        -:  126:	  else    //card is not in the set choosen for the game
        -:  127:	    {
     1160:  128:	      state->supplyCount[i] = -1;
        -:  129:	    }
        -:  130:	}
        -:  131:
        -:  132:    }
        -:  133:
        -:  134:  ////////////////////////
        -:  135:  //supply intilization complete
        -:  136:
        -:  137:  //set player decks
       24:  138:  for (i = 0; i < numPlayers; i++)
branch  0 taken 67%
branch  1 taken 33% (fallthrough)
        -:  139:    {
       16:  140:      state->deckCount[i] = 0;
       64:  141:      for (j = 0; j < 3; j++)
branch  0 taken 75%
branch  1 taken 25% (fallthrough)
        -:  142:	{
       48:  143:	  state->deck[i][j] = estate;
       48:  144:	  state->deckCount[i]++;
        -:  145:	}
      128:  146:      for (j = 3; j < 10; j++)
branch  0 taken 88%
branch  1 taken 13% (fallthrough)
        -:  147:	{
      112:  148:	  state->deck[i][j] = copper;
      112:  149:	  state->deckCount[i]++;		
        -:  150:	}
        -:  151:    }
        -:  152:
        -:  153:  //shuffle player decks
       24:  154:  for (i = 0; i < numPlayers; i++)
branch  0 taken 67%
branch  1 taken 33% (fallthrough)
        -:  155:    {
       16:  156:      if ( shuffle(i, state) < 0 )
call    0 returned 100%
branch  1 taken 0% (fallthrough)
branch  2 taken 100%
        -:  157:	{
    #####:  158:	  return -1;
        -:  159:	}
        -:  160:    }
        -:  161:
        -:  162:  //draw player hands
       24:  163:  for (i = 0; i < numPlayers; i++)
branch  0 taken 67%
branch  1 taken 33% (fallthrough)
        -:  164:    {  
        -:  165:      //initialize hand size to zero
       16:  166:      state->handCount[i] = 0;
       16:  167:      state->discardCount[i] = 0;
        -:  168:      //draw 5 cards
        -:  169:      // for (j = 0; j < 5; j++)
        -:  170:      //	{
        -:  171:      //	  drawCard(i, state);
        -:  172:      //	}
        -:  173:    }
        -:  174:  
        -:  175:  //set embargo tokens to 0 for all supply piles
      224:  176:  for (i = 0; i <= treasure_map; i++)
branch  0 taken 96%
branch  1 taken 4% (fallthrough)
        -:  177:    {
      216:  178:      state->embargoTokens[i] = 0;
        -:  179:    }
        -:  180:
        -:  181:  //initialize first player's turn
        8:  182:  state->outpostPlayed = 0;
        8:  183:  state->phase = 0;
        8:  184:  state->numActions = 1;
        8:  185:  state->numBuys = 1;
        8:  186:  state->playedCardCount = 0;
        8:  187:  state->whoseTurn = 0;
        8:  188:  state->handCount[state->whoseTurn] = 0;
        -:  189:  //int it; move to top
        -:  190:
        -:  191:  //Moved draw cards to here, only drawing at the start of a turn
       48:  192:  for (it = 0; it < 5; it++){
branch  0 taken 83%
branch  1 taken 17% (fallthrough)
       40:  193:    drawCard(state->whoseTurn, state);
call    0 returned 100%
        -:  194:  }
        -:  195:
        8:  196:  updateCoins(state->whoseTurn, state, 0);
call    0 returned 100%
        -:  197:
        8:  198:  return 0;
        -:  199:}
        -:  200:
function shuffle called 16 returned 100% blocks executed 94%
       16:  201:int shuffle(int player, struct gameState *state) {
        -:  202: 
        -:  203:
        -:  204:  int newDeck[MAX_DECK];
       16:  205:  int newDeckPos = 0;
        -:  206:  int card;
        -:  207:  int i;
        -:  208:
       16:  209:  if (state->deckCount[player] < 1)
branch  0 taken 0% (fallthrough)
branch  1 taken 100%
    #####:  210:    return -1;
       16:  211:  qsort ((void*)(state->deck[player]), state->deckCount[player], sizeof(int), compare); 
call    0 returned 100%
        -:  212:  /* SORT CARDS IN DECK TO ENSURE DETERMINISM! */
        -:  213:
      192:  214:  while (state->deckCount[player] > 0) {
branch  0 taken 91%
branch  1 taken 9% (fallthrough)
      160:  215:    card = floor(Random() * state->deckCount[player]);
call    0 returned 100%
      160:  216:    newDeck[newDeckPos] = state->deck[player][card];
      160:  217:    newDeckPos++;
      560:  218:    for (i = card; i < state->deckCount[player]-1; i++) {
branch  0 taken 71%
branch  1 taken 29% (fallthrough)
      400:  219:      state->deck[player][i] = state->deck[player][i+1];
        -:  220:    }
      160:  221:    state->deckCount[player]--;
        -:  222:  }
      176:  223:  for (i = 0; i < newDeckPos; i++) {
branch  0 taken 91%
branch  1 taken 9% (fallthrough)
      160:  224:    state->deck[player][i] = newDeck[i];
      160:  225:    state->deckCount[player]++;
        -:  226:  }
        -:  227:
       16:  228:  return 0;
        -:  229:}
        -:  230:
function playCard called 0 returned 0% blocks executed 0%
    #####:  231:int playCard(int handPos, int choice1, int choice2, int choice3, struct gameState *state) 
        -:  232:{	
        -:  233:  int card;
    #####:  234:  int coin_bonus = 0; 		//tracks coins gain from actions
        -:  235:
        -:  236:  //check if it is the right phase
    #####:  237:  if (state->phase != 0)
branch  0 never executed
branch  1 never executed
        -:  238:    {
    #####:  239:      return -1;
        -:  240:    }
        -:  241:	
        -:  242:  //check if player has enough actions
    #####:  243:  if ( state->numActions < 1 )
branch  0 never executed
branch  1 never executed
        -:  244:    {
    #####:  245:      return -1;
        -:  246:    }
        -:  247:	
        -:  248:  //get card played
    #####:  249:  card = handCard(handPos, state);
call    0 never executed
        -:  250:	
        -:  251:  //check if selected card is an action
    #####:  252:  if ( card < adventurer || card > treasure_map )
branch  0 never executed
branch  1 never executed
branch  2 never executed
branch  3 never executed
        -:  253:    {
    #####:  254:      return -1;
        -:  255:    }
        -:  256:	
        -:  257:  //play card
    #####:  258:  if ( cardEffect(card, choice1, choice2, choice3, state, handPos, &coin_bonus) < 0 )
call    0 never executed
branch  1 never executed
branch  2 never executed
        -:  259:    {
    #####:  260:      return -1;
        -:  261:    }
        -:  262:	
        -:  263:  //reduce number of actions
    #####:  264:  state->numActions--;
        -:  265:
        -:  266:  //update coins (Treasure cards may be added with card draws)
    #####:  267:  updateCoins(state->whoseTurn, state, coin_bonus);
call    0 never executed
        -:  268:	
    #####:  269:  return 0;
        -:  270:}
        -:  271:
function buyCard called 0 returned 0% blocks executed 0%
    #####:  272:int buyCard(int supplyPos, struct gameState *state) {
        -:  273:  int who;
        -:  274:  if (DEBUG){
        -:  275:    printf("Entering buyCard...\n");
        -:  276:  }
        -:  277:
        -:  278:  // I don't know what to do about the phase thing.
        -:  279:
    #####:  280:  who = state->whoseTurn;
        -:  281:
    #####:  282:  if (state->numBuys < 1){
branch  0 never executed
branch  1 never executed
        -:  283:    if (DEBUG)
        -:  284:      printf("You do not have any buys left\n");
    #####:  285:    return -1;
    #####:  286:  } else if (supplyCount(supplyPos, state) <1){
call    0 never executed
branch  1 never executed
branch  2 never executed
        -:  287:    if (DEBUG)
        -:  288:      printf("There are not any of that type of card left\n");
    #####:  289:    return -1;
    #####:  290:  } else if (state->coins < getCost(supplyPos)){
call    0 never executed
branch  1 never executed
branch  2 never executed
        -:  291:    if (DEBUG) 
        -:  292:      printf("You do not have enough money to buy that. You have %d coins.\n", state->coins);
    #####:  293:    return -1;
        -:  294:  } else {
    #####:  295:    state->phase=1;
        -:  296:    //state->supplyCount[supplyPos]--;
    #####:  297:    gainCard(supplyPos, state, 0, who); //card goes in discard, this might be wrong.. (2 means goes into hand, 0 goes into discard)
call    0 never executed
        -:  298:  
    #####:  299:    state->coins = (state->coins) - (getCost(supplyPos));
call    0 never executed
    #####:  300:    state->numBuys--;
        -:  301:    if (DEBUG)
        -:  302:      printf("You bought card number %d for %d coins. You now have %d buys and %d coins.\n", supplyPos, getCost(supplyPos), state->numBuys, state->coins);
        -:  303:  }
        -:  304:
        -:  305:  //state->discard[who][state->discardCount[who]] = supplyPos;
        -:  306:  //state->discardCount[who]++;
        -:  307:    
    #####:  308:  return 0;
        -:  309:}
        -:  310:
function numHandCards called 0 returned 0% blocks executed 0%
    #####:  311:int numHandCards(struct gameState *state) {
    #####:  312:  return state->handCount[ whoseTurn(state) ];
call    0 never executed
        -:  313:}
        -:  314:
function handCard called 0 returned 0% blocks executed 0%
    #####:  315:int handCard(int handPos, struct gameState *state) {
    #####:  316:  int currentPlayer = whoseTurn(state);
call    0 never executed
    #####:  317:  return state->hand[currentPlayer][handPos];
        -:  318:}
        -:  319:
function supplyCount called 5 returned 100% blocks executed 100%
        5:  320:int supplyCount(int card, struct gameState *state) {
        5:  321:  return state->supplyCount[card];
        -:  322:}
        -:  323:
function fullDeckCount called 4 returned 100% blocks executed 100%
        4:  324:int fullDeckCount(int player, int card, struct gameState *state) {
        -:  325:  int i;
        4:  326:  int count = 0;
        -:  327:
       18:  328:  for (i = 0; i < state->deckCount[player]; i++)
branch  0 taken 78%
branch  1 taken 22% (fallthrough)
        -:  329:    {
       14:  330:      if (state->deck[player][i] == card) count++;
branch  0 taken 50% (fallthrough)
branch  1 taken 50%
        -:  331:    }
        -:  332:
       14:  333:  for (i = 0; i < state->handCount[player]; i++)
branch  0 taken 71%
branch  1 taken 29% (fallthrough)
        -:  334:    {
       10:  335:      if (state->hand[player][i] == card) count++;
branch  0 taken 50% (fallthrough)
branch  1 taken 50%
        -:  336:    }
        -:  337:
        8:  338:  for (i = 0; i < state->discardCount[player]; i++)
branch  0 taken 50%
branch  1 taken 50% (fallthrough)
        -:  339:    {
        4:  340:      if (state->discard[player][i] == card) count++;
branch  0 taken 50% (fallthrough)
branch  1 taken 50%
        -:  341:    }
        -:  342:
        4:  343:  return count;
        -:  344:}
        -:  345:
function whoseTurn called 5 returned 100% blocks executed 100%
        5:  346:int whoseTurn(struct gameState *state) {
        5:  347:  return state->whoseTurn;
        -:  348:}
        -:  349:
function endTurn called 0 returned 0% blocks executed 0%
    #####:  350:int endTurn(struct gameState *state) {
        -:  351:  int k;
        -:  352:  int i;
    #####:  353:  int currentPlayer = whoseTurn(state);
call    0 never executed
        -:  354:  
        -:  355:  //Discard hand
    #####:  356:  for (i = 0; i < state->handCount[currentPlayer]; i++){
branch  0 never executed
branch  1 never executed
    #####:  357:    state->discard[currentPlayer][state->discardCount[currentPlayer]++] = state->hand[currentPlayer][i];//Discard
    #####:  358:    state->hand[currentPlayer][i] = -1;//Set card to -1
        -:  359:  }
    #####:  360:  state->handCount[currentPlayer] = 0;//Reset hand count
        -:  361:    
        -:  362:  //Code for determining the player
    #####:  363:  if (currentPlayer < (state->numPlayers - 1)){ 
branch  0 never executed
branch  1 never executed
    #####:  364:    state->whoseTurn = currentPlayer + 1;//Still safe to increment
        -:  365:  }
        -:  366:  else{
    #####:  367:    state->whoseTurn = 0;//Max player has been reached, loop back around to player 1
        -:  368:  }
        -:  369:
    #####:  370:  state->outpostPlayed = 0;
    #####:  371:  state->phase = 0;
    #####:  372:  state->numActions = 1;
    #####:  373:  state->coins = 0;
    #####:  374:  state->numBuys = 1;
    #####:  375:  state->playedCardCount = 0;
    #####:  376:  state->handCount[state->whoseTurn] = 0;
        -:  377:
        -:  378:  //int k; move to top
        -:  379:  //Next player draws hand
    #####:  380:  for (k = 0; k < 5; k++){
branch  0 never executed
branch  1 never executed
    #####:  381:    drawCard(state->whoseTurn, state);//Draw a card
call    0 never executed
        -:  382:  }
        -:  383:
        -:  384:  //Update money
    #####:  385:  updateCoins(state->whoseTurn, state , 0);
call    0 never executed
        -:  386:
    #####:  387:  return 0;
        -:  388:}
        -:  389:
function isGameOver called 6 returned 100% blocks executed 100%
        6:  390:int isGameOver(struct gameState *state) {
        -:  391:  int i;
        -:  392:  int j;
        -:  393:	
        -:  394:  //if stack of Province cards is empty, the game ends
        6:  395:  if (state->supplyCount[province] == 0)
branch  0 taken 17% (fallthrough)
branch  1 taken 83%
        -:  396:    {
        1:  397:      return 1;
        -:  398:    }
        -:  399:
        -:  400:  //if three supply pile are at 0, the game ends
        5:  401:  j = 0;
      130:  402:  for (i = 0; i < 25; i++)
branch  0 taken 96%
branch  1 taken 4% (fallthrough)
        -:  403:    {
      125:  404:      if (state->supplyCount[i] == 0)
branch  0 taken 5% (fallthrough)
branch  1 taken 95%
        -:  405:	{
        6:  406:	  j++;
        -:  407:	}
        -:  408:    }
        5:  409:  if ( j >= 3)
branch  0 taken 20% (fallthrough)
branch  1 taken 80%
        -:  410:    {
        1:  411:      return 1;
        -:  412:    }
        -:  413:
        4:  414:  return 0;
        -:  415:}
        -:  416:
function scoreFor called 0 returned 0% blocks executed 0%
    #####:  417:int scoreFor (int player, struct gameState *state) {
        -:  418:
        -:  419:  int i;
    #####:  420:  int score = 0;
        -:  421:  //score from hand
    #####:  422:  for (i = 0; i < state->handCount[player]; i++)
branch  0 never executed
branch  1 never executed
        -:  423:    {
    #####:  424:      if (state->hand[player][i] == curse) { score = score - 1; };
branch  0 never executed
branch  1 never executed
    #####:  425:      if (state->hand[player][i] == estate) { score = score + 1; };
branch  0 never executed
branch  1 never executed
    #####:  426:      if (state->hand[player][i] == duchy) { score = score + 3; };
branch  0 never executed
branch  1 never executed
    #####:  427:      if (state->hand[player][i] == province) { score = score + 6; };
branch  0 never executed
branch  1 never executed
    #####:  428:      if (state->hand[player][i] == great_hall) { score = score + 1; };
branch  0 never executed
branch  1 never executed
    #####:  429:      if (state->hand[player][i] == gardens) { score = score + ( fullDeckCount(player, 0, state) / 10 ); };
branch  0 never executed
branch  1 never executed
call    2 never executed
        -:  430:    }
        -:  431:
        -:  432:  //score from discard
    #####:  433:  for (i = 0; i < state->discardCount[player]; i++)
branch  0 never executed
branch  1 never executed
        -:  434:    {
    #####:  435:      if (state->discard[player][i] == curse) { score = score - 1; };
branch  0 never executed
branch  1 never executed
    #####:  436:      if (state->discard[player][i] == estate) { score = score + 1; };
branch  0 never executed
branch  1 never executed
    #####:  437:      if (state->discard[player][i] == duchy) { score = score + 3; };
branch  0 never executed
branch  1 never executed
    #####:  438:      if (state->discard[player][i] == province) { score = score + 6; };
branch  0 never executed
branch  1 never executed
    #####:  439:      if (state->discard[player][i] == great_hall) { score = score + 1; };
branch  0 never executed
branch  1 never executed
    #####:  440:      if (state->discard[player][i] == gardens) { score = score + ( fullDeckCount(player, 0, state) / 10 ); };
branch  0 never executed
branch  1 never executed
call    2 never executed
        -:  441:    }
        -:  442:
        -:  443:  //score from deck
    #####:  444:  for (i = 0; i < state->discardCount[player]; i++)
branch  0 never executed
branch  1 never executed
        -:  445:    {
    #####:  446:      if (state->deck[player][i] == curse) { score = score - 1; };
branch  0 never executed
branch  1 never executed
    #####:  447:      if (state->deck[player][i] == estate) { score = score + 1; };
branch  0 never executed
branch  1 never executed
    #####:  448:      if (state->deck[player][i] == duchy) { score = score + 3; };
branch  0 never executed
branch  1 never executed
    #####:  449:      if (state->deck[player][i] == province) { score = score + 6; };
branch  0 never executed
branch  1 never executed
    #####:  450:      if (state->deck[player][i] == great_hall) { score = score + 1; };
branch  0 never executed
branch  1 never executed
    #####:  451:      if (state->deck[player][i] == gardens) { score = score + ( fullDeckCount(player, 0, state) / 10 ); };
branch  0 never executed
branch  1 never executed
call    2 never executed
        -:  452:    }
        -:  453:
    #####:  454:  return score;
        -:  455:}
        -:  456:
function getWinners called 0 returned 0% blocks executed 0%
    #####:  457:int getWinners(int players[MAX_PLAYERS], struct gameState *state) {
        -:  458:  int i;	
        -:  459:  int j;
        -:  460:  int highScore;
        -:  461:  int currentPlayer;
        -:  462:
        -:  463:  //get score for each player
    #####:  464:  for (i = 0; i < MAX_PLAYERS; i++)
branch  0 never executed
branch  1 never executed
        -:  465:    {
        -:  466:      //set unused player scores to -9999
    #####:  467:      if (i >= state->numPlayers)
branch  0 never executed
branch  1 never executed
        -:  468:	{
    #####:  469:	  players[i] = -9999;
        -:  470:	}
        -:  471:      else
        -:  472:	{
    #####:  473:	  players[i] = scoreFor (i, state);
call    0 never executed
        -:  474:	}
        -:  475:    }
        -:  476:
        -:  477:  //find highest score
    #####:  478:  j = 0;
    #####:  479:  for (i = 0; i < MAX_PLAYERS; i++)
branch  0 never executed
branch  1 never executed
        -:  480:    {
    #####:  481:      if (players[i] > players[j])
branch  0 never executed
branch  1 never executed
        -:  482:	{
    #####:  483:	  j = i;
        -:  484:	}
        -:  485:    }
    #####:  486:  highScore = players[j];
        -:  487:
        -:  488:  //add 1 to players who had less turns
    #####:  489:  currentPlayer = whoseTurn(state);
call    0 never executed
    #####:  490:  for (i = 0; i < MAX_PLAYERS; i++)
branch  0 never executed
branch  1 never executed
        -:  491:    {
    #####:  492:      if ( players[i] == highScore && i > currentPlayer )
branch  0 never executed
branch  1 never executed
branch  2 never executed
branch  3 never executed
        -:  493:	{
    #####:  494:	  players[i]++;
        -:  495:	}
        -:  496:    }
        -:  497:
        -:  498:  //find new highest score
    #####:  499:  j = 0;
    #####:  500:  for (i = 0; i < MAX_PLAYERS; i++)
branch  0 never executed
branch  1 never executed
        -:  501:    {
    #####:  502:      if ( players[i] > players[j] )
branch  0 never executed
branch  1 never executed
        -:  503:	{
    #####:  504:	  j = i;
        -:  505:	}
        -:  506:    }
    #####:  507:  highScore = players[j];
        -:  508:
        -:  509:  //set winners in array to 1 and rest to 0
    #####:  510:  for (i = 0; i < MAX_PLAYERS; i++)
branch  0 never executed
branch  1 never executed
        -:  511:    {
    #####:  512:      if ( players[i] == highScore )
branch  0 never executed
branch  1 never executed
        -:  513:	{
    #####:  514:	  players[i] = 1;
        -:  515:	}
        -:  516:      else
        -:  517:	{
    #####:  518:	  players[i] = 0;
        -:  519:	}
        -:  520:    }
        -:  521:
    #####:  522:  return 0;
        -:  523:}
        -:  524:
function drawCard called 47 returned 100% blocks executed 38%
       47:  525:int drawCard(int player, struct gameState *state)
        -:  526:{	int count;
        -:  527:  int deckCounter;
       47:  528:  if (state->deckCount[player] <= 0){//Deck is empty
branch  0 taken 0% (fallthrough)
branch  1 taken 100%
        -:  529:    
        -:  530:    //Step 1 Shuffle the discard pile back into a deck
        -:  531:    int i;
        -:  532:    //Move discard to deck
    #####:  533:    for (i = 0; i < state->discardCount[player];i++){
branch  0 never executed
branch  1 never executed
    #####:  534:      state->deck[player][i] = state->discard[player][i];
    #####:  535:      state->discard[player][i] = -1;
        -:  536:    }
        -:  537:
    #####:  538:    state->deckCount[player] = state->discardCount[player];
    #####:  539:    state->discardCount[player] = 0;//Reset discard
        -:  540:
        -:  541:    //Shufffle the deck
    #####:  542:    shuffle(player, state);//Shuffle the deck up and make it so that we can draw
call    0 never executed
        -:  543:   
        -:  544:    if (DEBUG){//Debug statements
        -:  545:      printf("Deck count now: %d\n", state->deckCount[player]);
        -:  546:    }
        -:  547:    
    #####:  548:    state->discardCount[player] = 0;
        -:  549:
        -:  550:    //Step 2 Draw Card
    #####:  551:    count = state->handCount[player];//Get current player's hand count
        -:  552:    
        -:  553:    if (DEBUG){//Debug statements
        -:  554:      printf("Current hand count: %d\n", count);
        -:  555:    }
        -:  556:    
    #####:  557:    deckCounter = state->deckCount[player];//Create a holder for the deck count
        -:  558:
    #####:  559:    if (deckCounter == 0)
branch  0 never executed
branch  1 never executed
    #####:  560:      return -1;
        -:  561:
    #####:  562:    state->hand[player][count] = state->deck[player][deckCounter - 1];//Add card to hand
    #####:  563:    state->deckCount[player]--;
    #####:  564:    state->handCount[player]++;//Increment hand count
        -:  565:  }
        -:  566:
        -:  567:  else{
       47:  568:    int count = state->handCount[player];//Get current hand count for player
        -:  569:    int deckCounter;
        -:  570:    if (DEBUG){//Debug statements
        -:  571:      printf("Current hand count: %d\n", count);
        -:  572:    }
        -:  573:
       47:  574:    deckCounter = state->deckCount[player];//Create holder for the deck count
       47:  575:    state->hand[player][count] = state->deck[player][deckCounter - 1];//Add card to the hand
       47:  576:    state->deckCount[player]--;
       47:  577:    state->handCount[player]++;//Increment hand count
        -:  578:  }
        -:  579:
       47:  580:  return 0;
        -:  581:}
        -:  582:
function getCost called 33 returned 100% blocks executed 100%
       33:  583:int getCost(int cardNumber)
        -:  584:{
       33:  585:  switch( cardNumber ) 
branch  0 taken 3%
branch  1 taken 3%
branch  2 taken 3%
branch  3 taken 3%
branch  4 taken 6%
branch  5 taken 9%
branch  6 taken 3%
branch  7 taken 3%
branch  8 taken 6%
branch  9 taken 3%
branch 10 taken 3%
branch 11 taken 6%
branch 12 taken 3%
branch 13 taken 3%
branch 14 taken 3%
branch 15 taken 3%
branch 16 taken 3%
branch 17 taken 3%
branch 18 taken 3%
branch 19 taken 3%
branch 20 taken 3%
branch 21 taken 3%
branch 22 taken 3%
branch 23 taken 3%
branch 24 taken 3%
branch 25 taken 3%
branch 26 taken 3%
branch 27 taken 3%
        -:  586:    {
        -:  587:    case curse:
        1:  588:      return 0;
        -:  589:    case estate:
        1:  590:      return 2;
        -:  591:    case duchy:
        1:  592:      return 5;
        -:  593:    case province:
        1:  594:      return 8;
        -:  595:    case copper:
        2:  596:      return 0;
        -:  597:    case silver:
        3:  598:      return 3;
        -:  599:    case gold:
        1:  600:      return 6;
        -:  601:    case adventurer:
        1:  602:      return 6;
        -:  603:    case council_room:
        2:  604:      return 5;
        -:  605:    case feast:
        1:  606:      return 4;
        -:  607:    case gardens:
        1:  608:      return 4;
        -:  609:    case mine:
        2:  610:      return 5;
        -:  611:    case remodel:
        1:  612:      return 4;
        -:  613:    case smithy:
        1:  614:      return 4;
        -:  615:    case village:
        1:  616:      return 3;
        -:  617:    case baron:
        1:  618:      return 4;
        -:  619:    case great_hall:
        1:  620:      return 3;
        -:  621:    case minion:
        1:  622:      return 5;
        -:  623:    case steward:
        1:  624:      return 3;
        -:  625:    case tribute:
        1:  626:      return 5;
        -:  627:    case ambassador:
        1:  628:      return 3;
        -:  629:    case cutpurse:
        1:  630:      return 4;
        -:  631:    case embargo: 
        1:  632:      return 2;
        -:  633:    case outpost:
        1:  634:      return 5;
        -:  635:    case salvager:
        1:  636:      return 4;
        -:  637:    case sea_hag:
        1:  638:      return 4;
        -:  639:    case treasure_map:
        1:  640:      return 4;
        -:  641:    }
        -:  642:	
        1:  643:  return -1;
        -:  644:}
        -:  645://*******************************************************
        -:  646://SMITHY RECFACTORED FUNCTION
        -:  647://*******************************************************
function smithyFunc called 1 returned 100% blocks executed 100%
        1:  648:int smithyFunc(int currentPlayer, struct gameState *state, int handPos)
        -:  649:{
        -:  650:  int i;
        -:  651:  //+3 Cards
        5:  652:  for (i = 0; i <= 3; i++)                                                    //BUG NUMBER 1, added an unnecessary equals sign.
branch  0 taken 80%
branch  1 taken 20% (fallthrough)
        -:  653:  {
        4:  654:    drawCard(currentPlayer, state);
call    0 returned 100%
        -:  655:  }
        -:  656:
        -:  657:  //discard card from hand
        1:  658:  discardCard(handPos, currentPlayer, state, 0);
call    0 returned 100%
        1:  659:  return 0;
        -:  660:}
        -:  661:
        -:  662://********************************************************
        -:  663://ADVENTURER REFCTORED FUNCTION
        -:  664://********************************************************
function adventurerFunc called 1 returned 100% blocks executed 67%
        1:  665:int adventurerFunc(int drawntreasure, struct gameState *state, int currentPlayer, int temphand[])
        -:  666:{
        1:  667:  int z = 0, cardDrawn;
        -:  668:
        4:  669:  while (drawntreasure < 2)
branch  0 taken 67%
branch  1 taken 33% (fallthrough)
        -:  670:  {
        2:  671:    if (state->deckCount[currentPlayer] < 1)
branch  0 taken 0% (fallthrough)
branch  1 taken 100%
        -:  672:    { //if the deck is empty we need to shuffle discard and add to deck
    #####:  673:      shuffle(currentPlayer, state);
call    0 never executed
        -:  674:    }
        2:  675:    drawCard(currentPlayer, state);
call    0 returned 100%
        2:  676:    cardDrawn = state->hand[currentPlayer][state->handCount[currentPlayer] - 1]; //top card of hand is most recently drawn card.
        2:  677:    if (cardDrawn == copper || cardDrawn == silver || cardDrawn == gold)
branch  0 taken 0% (fallthrough)
branch  1 taken 100%
branch  2 never executed
branch  3 never executed
branch  4 never executed
branch  5 never executed
        2:  678:      drawntreasure++;
        -:  679:    else
        -:  680:    {
    #####:  681:      temphand[z] = cardDrawn;
    #####:  682:      state->handCount[currentPlayer]--; //this should just remove the top card (the most recently drawn one).
        -:  683:      //z++;                                                          
        -:  684:      //BUG NUMBER 2. "Forgot to increment the z counter"
        -:  685:    }
        -:  686:  }
        2:  687:  while (z - 1 >= 0)
branch  0 taken 0%
branch  1 taken 100% (fallthrough)
        -:  688:  {
    #####:  689:    state->discard[currentPlayer][state->discardCount[currentPlayer]++] = temphand[z - 1]; // discard all cards in play that have been drawn
    #####:  690:    z = z - 1;
        -:  691:  }
        1:  692:  return 0;
        -:  693:}
        -:  694:
        -:  695://********************************************************
        -:  696://VILLAGE REFACTORED FUNCTION
        -:  697://********************************************************
function villageFunc called 1 returned 100% blocks executed 100%
        1:  698:int villageFunc(int currentPlayer, struct gameState *state, int handPos)
        -:  699:{
        -:  700:  //+1 Card
        1:  701:  drawCard(currentPlayer, state);
call    0 returned 100%
        -:  702:
        -:  703:  //+2 Actions
        1:  704:  state->numActions = state->numActions + 2;
        -:  705:
        -:  706:  //discard played card from hand
        1:  707:  discardCard(handPos, currentPlayer, state, 0);
call    0 returned 100%
        1:  708:  return 0;
        -:  709:}
        -:  710:
        -:  711://********************************************************
        -:  712://MINE REFACTORED FUNCTION
        -:  713://********************************************************
function mineFunc called 2 returned 100% blocks executed 80%
        2:  714:int mineFunc(int currentPlayer, struct gameState *state, int handPos, int choice1, int choice2)
        -:  715:{
        2:  716:  int j = 0, i = 0;
        2:  717:  j = state->hand[currentPlayer][choice1]; //store card we will trash
        -:  718:
        2:  719:  if (state->hand[currentPlayer][choice1] < copper || state->hand[currentPlayer][choice1] > gold)
branch  0 taken 100% (fallthrough)
branch  1 taken 0%
branch  2 taken 0% (fallthrough)
branch  3 taken 100%
        -:  720:  {
    #####:  721:    return -1;
        -:  722:  }
        -:  723:
        2:  724:  if (choice2 > treasure_map && choice2 < curse)                        //BUG NUMBER 3. Instead of || put &&, causeing the conditional to be improper
branch  0 taken 0% (fallthrough)
branch  1 taken 100%
branch  2 never executed
branch  3 never executed
        -:  725:  {
    #####:  726:    return -1;
        -:  727:  }
        -:  728:
        2:  729:  if ((getCost(state->hand[currentPlayer][choice1]) + 3) > getCost(choice2))
call    0 returned 100%
call    1 returned 100%
branch  2 taken 50% (fallthrough)
branch  3 taken 50%
        -:  730:  {
        1:  731:    return -1;
        -:  732:  }
        1:  733:  gainCard(choice2, state, 2, currentPlayer);
call    0 returned 100%
        -:  734:
        -:  735:  //discard card from hand
        1:  736:  discardCard(handPos, currentPlayer, state, 0);
call    0 returned 100%
        -:  737:
        -:  738:  //discard trashed card
        1:  739:  for (i = 0; i < state->handCount[currentPlayer]; i++)
branch  0 taken 100%
branch  1 taken 0% (fallthrough)
        -:  740:  {
        1:  741:    if (state->hand[currentPlayer][i] == j)
branch  0 taken 100% (fallthrough)
branch  1 taken 0%
        -:  742:    {
        1:  743:      discardCard(i, currentPlayer, state, 0);
call    0 returned 100%
        1:  744:      break;
        -:  745:    }
        -:  746:  }
        1:  747:  return 0;
        -:  748:}
        -:  749:
        -:  750://********************************************************
        -:  751://REFACTORED REMODEL FUNCTION
        -:  752://********************************************************
function remodelFunc called 0 returned 0% blocks executed 0%
    #####:  753:int remodelFunc(int currentPlayer, struct gameState *state, int handPos, int choice1, int choice2)
        -:  754:{
        -:  755:  int j, i;
    #####:  756:  j = state->hand[currentPlayer][choice1]; //store card we will trash
        -:  757:
    #####:  758:  if ((getCost(state->hand[currentPlayer][choice1]) + 2) > getCost(choice1))//BUG NUMBER 4. Put the wrong variable into the parameters
call    0 never executed
call    1 never executed
branch  2 never executed
branch  3 never executed
        -:  759:  {
    #####:  760:    return -1;
        -:  761:  }
        -:  762:
    #####:  763:  gainCard(choice2, state, 0, currentPlayer);
call    0 never executed
        -:  764:
        -:  765:  //discard card from hand
    #####:  766:  discardCard(handPos, currentPlayer, state, 0);
call    0 never executed
        -:  767:
        -:  768:  //discard trashed card
    #####:  769:  for (i = 0; i < state->handCount[currentPlayer]; i++)
branch  0 never executed
branch  1 never executed
        -:  770:  {
    #####:  771:    if (state->hand[currentPlayer][i] == j)
branch  0 never executed
branch  1 never executed
        -:  772:    {
    #####:  773:      discardCard(i, currentPlayer, state, 0);
call    0 never executed
    #####:  774:      break;
        -:  775:    }
        -:  776:  }
    #####:  777:  return 0;
        -:  778:}
        -:  779:
function cardEffect called 5 returned 100% blocks executed 4%
        5:  780:int cardEffect(int card, int choice1, int choice2, int choice3, struct gameState *state, int handPos, int *bonus)
        -:  781:{
        -:  782:  int i;
        -:  783:  int j;
        -:  784:  int k;
        -:  785:  int x;
        -:  786:  int index;
        5:  787:  int currentPlayer = whoseTurn(state);
call    0 returned 100%
        5:  788:  int nextPlayer = currentPlayer + 1;
        -:  789:
        5:  790:  int tributeRevealedCards[2] = {-1, -1};
        -:  791:  int temphand[MAX_HAND];// moved above the if statement
        5:  792:  int drawntreasure=0;
        -:  793:  //int cardDrawn;
        -:  794:  //int z = 0;// this is the counter for the temp hand
        5:  795:  if (nextPlayer > (state->numPlayers - 1)){
branch  0 taken 0% (fallthrough)
branch  1 taken 100%
    #####:  796:    nextPlayer = 0;
        -:  797:  }
        -:  798:  
        -:  799:	
        -:  800:  //uses switch to select card and perform actions
        5:  801:  switch( card ) 
branch  0 taken 20%
branch  1 taken 0%
branch  2 taken 0%
branch  3 taken 0%
branch  4 taken 40%
branch  5 taken 0%
branch  6 taken 20%
branch  7 taken 20%
branch  8 taken 0%
branch  9 taken 0%
branch 10 taken 0%
branch 11 taken 0%
branch 12 taken 0%
branch 13 taken 0%
branch 14 taken 0%
branch 15 taken 0%
branch 16 taken 0%
branch 17 taken 0%
branch 18 taken 0%
branch 19 taken 0%
branch 20 taken 0%
        -:  802:    {
        -:  803:    case adventurer:
        1:  804:      return adventurerFunc(drawntreasure, state, currentPlayer, temphand);
call    0 returned 100%
        -:  805:
        -:  806:    case council_room:
        -:  807:      //+4 Cards
    #####:  808:      for (i = 0; i < 4; i++)
branch  0 never executed
branch  1 never executed
        -:  809:	{
    #####:  810:	  drawCard(currentPlayer, state);
call    0 never executed
        -:  811:	}
        -:  812:			
        -:  813:      //+1 Buy
    #####:  814:      state->numBuys++;
        -:  815:			
        -:  816:      //Each other player draws a card
    #####:  817:      for (i = 0; i < state->numPlayers; i++)
branch  0 never executed
branch  1 never executed
        -:  818:	{
    #####:  819:	  if ( i != currentPlayer )
branch  0 never executed
branch  1 never executed
        -:  820:	    {
    #####:  821:	      drawCard(i, state);
call    0 never executed
        -:  822:	    }
        -:  823:	}
        -:  824:			
        -:  825:      //put played card in played card pile
    #####:  826:      discardCard(handPos, currentPlayer, state, 0);
call    0 never executed
        -:  827:			
    #####:  828:      return 0;
        -:  829:			
        -:  830:    case feast:
        -:  831:      //gain card with cost up to 5
        -:  832:      //Backup hand
    #####:  833:      for (i = 0; i <= state->handCount[currentPlayer]; i++){
branch  0 never executed
branch  1 never executed
    #####:  834:	temphand[i] = state->hand[currentPlayer][i];//Backup card
    #####:  835:	state->hand[currentPlayer][i] = -1;//Set to nothing
        -:  836:      }
        -:  837:      //Backup hand
        -:  838:
        -:  839:      //Update Coins for Buy
    #####:  840:      updateCoins(currentPlayer, state, 5);
call    0 never executed
    #####:  841:      x = 1;//Condition to loop on
    #####:  842:      while( x == 1) {//Buy one card
branch  0 never executed
branch  1 never executed
    #####:  843:	if (supplyCount(choice1, state) <= 0){
call    0 never executed
branch  1 never executed
branch  2 never executed
        -:  844:	  if (DEBUG)
        -:  845:	    printf("None of that card left, sorry!\n");
        -:  846:
        -:  847:	  if (DEBUG){
        -:  848:	    printf("Cards Left: %d\n", supplyCount(choice1, state));
        -:  849:	  }
        -:  850:	}
    #####:  851:	else if (state->coins < getCost(choice1)){
call    0 never executed
branch  1 never executed
branch  2 never executed
    #####:  852:	  printf("That card is too expensive!\n");
call    0 never executed
        -:  853:
        -:  854:	  if (DEBUG){
        -:  855:	    printf("Coins: %d < %d\n", state->coins, getCost(choice1));
        -:  856:	  }
        -:  857:	}
        -:  858:	else{
        -:  859:
        -:  860:	  if (DEBUG){
        -:  861:	    printf("Deck Count: %d\n", state->handCount[currentPlayer] + state->deckCount[currentPlayer] + state->discardCount[currentPlayer]);
        -:  862:	  }
        -:  863:
    #####:  864:	  gainCard(choice1, state, 0, currentPlayer);//Gain the card
call    0 never executed
    #####:  865:	  x = 0;//No more buying cards
        -:  866:
        -:  867:	  if (DEBUG){
        -:  868:	    printf("Deck Count: %d\n", state->handCount[currentPlayer] + state->deckCount[currentPlayer] + state->discardCount[currentPlayer]);
        -:  869:	  }
        -:  870:
        -:  871:	}
        -:  872:      }     
        -:  873:
        -:  874:      //Reset Hand
    #####:  875:      for (i = 0; i <= state->handCount[currentPlayer]; i++){
branch  0 never executed
branch  1 never executed
    #####:  876:	state->hand[currentPlayer][i] = temphand[i];
    #####:  877:	temphand[i] = -1;
        -:  878:      }
        -:  879:      //Reset Hand
        -:  880:      			
    #####:  881:      return 0;
        -:  882:			
        -:  883:    case gardens:
    #####:  884:      return -1;
        -:  885:			
        -:  886:    case mine:
        2:  887:     return mineFunc(currentPlayer, state, handPos, choice1, choice2);
call    0 returned 100%
        -:  888:
        -:  889:    case remodel:
    #####:  890:      return remodelFunc(currentPlayer, state, handPos, choice1, choice2);
call    0 never executed
        -:  891:
        -:  892:    case smithy:
        1:  893:      return smithyFunc(currentPlayer, state, handPos);
call    0 returned 100%
        -:  894:
        -:  895:    case village:
        1:  896:     return villageFunc(currentPlayer, state, handPos);
call    0 returned 100%
        -:  897:
        -:  898:    case baron:
    #####:  899:      state->numBuys++;//Increase buys by 1!
    #####:  900:      if (choice1 > 0){//Boolean true or going to discard an estate
branch  0 never executed
branch  1 never executed
    #####:  901:	int p = 0;//Iterator for hand!
    #####:  902:	int card_not_discarded = 1;//Flag for discard set!
    #####:  903:	while(card_not_discarded){
branch  0 never executed
branch  1 never executed
    #####:  904:	  if (state->hand[currentPlayer][p] == estate){//Found an estate card!
branch  0 never executed
branch  1 never executed
    #####:  905:	    state->coins += 4;//Add 4 coins to the amount of coins
    #####:  906:	    state->discard[currentPlayer][state->discardCount[currentPlayer]] = state->hand[currentPlayer][p];
    #####:  907:	    state->discardCount[currentPlayer]++;
    #####:  908:	    for (;p < state->handCount[currentPlayer]; p++){
branch  0 never executed
branch  1 never executed
    #####:  909:	      state->hand[currentPlayer][p] = state->hand[currentPlayer][p+1];
        -:  910:	    }
    #####:  911:	    state->hand[currentPlayer][state->handCount[currentPlayer]] = -1;
    #####:  912:	    state->handCount[currentPlayer]--;
    #####:  913:	    card_not_discarded = 0;//Exit the loop
        -:  914:	  }
    #####:  915:	  else if (p > state->handCount[currentPlayer]){
branch  0 never executed
branch  1 never executed
        -:  916:	    if(DEBUG) {
        -:  917:	      printf("No estate cards in your hand, invalid choice\n");
        -:  918:	      printf("Must gain an estate if there are any\n");
        -:  919:	    }
    #####:  920:	    if (supplyCount(estate, state) > 0){
call    0 never executed
branch  1 never executed
branch  2 never executed
    #####:  921:	      gainCard(estate, state, 0, currentPlayer);
call    0 never executed
    #####:  922:	      state->supplyCount[estate]--;//Decrement estates
    #####:  923:	      if (supplyCount(estate, state) == 0){
call    0 never executed
branch  1 never executed
branch  2 never executed
    #####:  924:		isGameOver(state);
call    0 never executed
        -:  925:	      }
        -:  926:	    }
    #####:  927:	    card_not_discarded = 0;//Exit the loop
        -:  928:	  }
        -:  929:			    
        -:  930:	  else{
    #####:  931:	    p++;//Next card
        -:  932:	  }
        -:  933:	}
        -:  934:      }
        -:  935:			    
        -:  936:      else{
    #####:  937:	if (supplyCount(estate, state) > 0){
call    0 never executed
branch  1 never executed
branch  2 never executed
    #####:  938:	  gainCard(estate, state, 0, currentPlayer);//Gain an estate
call    0 never executed
    #####:  939:	  state->supplyCount[estate]--;//Decrement Estates
    #####:  940:	  if (supplyCount(estate, state) == 0){
call    0 never executed
branch  1 never executed
branch  2 never executed
    #####:  941:	    isGameOver(state);
call    0 never executed
        -:  942:	  }
        -:  943:	}
        -:  944:      }
        -:  945:	    
        -:  946:      
    #####:  947:      return 0;
        -:  948:		
        -:  949:    case great_hall:
        -:  950:      //+1 Card
    #####:  951:      drawCard(currentPlayer, state);
call    0 never executed
        -:  952:			
        -:  953:      //+1 Actions
    #####:  954:      state->numActions++;
        -:  955:			
        -:  956:      //discard card from hand
    #####:  957:      discardCard(handPos, currentPlayer, state, 0);
call    0 never executed
    #####:  958:      return 0;
        -:  959:		
        -:  960:    case minion:
        -:  961:      //+1 action
    #####:  962:      state->numActions++;
        -:  963:			
        -:  964:      //discard card from hand
    #####:  965:      discardCard(handPos, currentPlayer, state, 0);
call    0 never executed
        -:  966:			
    #####:  967:      if (choice1)		//+2 coins
branch  0 never executed
branch  1 never executed
        -:  968:	{
    #####:  969:	  state->coins = state->coins + 2;
        -:  970:	}
        -:  971:			
    #####:  972:      else if (choice2)		//discard hand, redraw 4, other players with 5+ cards discard hand and draw 4
branch  0 never executed
branch  1 never executed
        -:  973:	{
        -:  974:	  //discard hand
    #####:  975:	  while(numHandCards(state) > 0)
call    0 never executed
branch  1 never executed
branch  2 never executed
        -:  976:	    {
    #####:  977:	      discardCard(handPos, currentPlayer, state, 0);
call    0 never executed
        -:  978:	    }
        -:  979:				
        -:  980:	  //draw 4
    #####:  981:	  for (i = 0; i < 4; i++)
branch  0 never executed
branch  1 never executed
        -:  982:	    {
    #####:  983:	      drawCard(currentPlayer, state);
call    0 never executed
        -:  984:	    }
        -:  985:				
        -:  986:	  //other players discard hand and redraw if hand size > 4
    #####:  987:	  for (i = 0; i < state->numPlayers; i++)
branch  0 never executed
branch  1 never executed
        -:  988:	    {
    #####:  989:	      if (i != currentPlayer)
branch  0 never executed
branch  1 never executed
        -:  990:		{
    #####:  991:		  if ( state->handCount[i] > 4 )
branch  0 never executed
branch  1 never executed
        -:  992:		    {
        -:  993:		      //discard hand
    #####:  994:		      while( state->handCount[i] > 0 )
branch  0 never executed
branch  1 never executed
        -:  995:			{
    #####:  996:			  discardCard(handPos, i, state, 0);
call    0 never executed
        -:  997:			}
        -:  998:							
        -:  999:		      //draw 4
    #####: 1000:		      for (j = 0; j < 4; j++)
branch  0 never executed
branch  1 never executed
        -: 1001:			{
    #####: 1002:			  drawCard(i, state);
call    0 never executed
        -: 1003:			}
        -: 1004:		    }
        -: 1005:		}
        -: 1006:	    }
        -: 1007:				
        -: 1008:	}
    #####: 1009:      return 0;
        -: 1010:		
        -: 1011:    case steward:
    #####: 1012:      if (choice1 == 1)
branch  0 never executed
branch  1 never executed
        -: 1013:	{
        -: 1014:	  //+2 cards
    #####: 1015:	  drawCard(currentPlayer, state);
call    0 never executed
    #####: 1016:	  drawCard(currentPlayer, state);
call    0 never executed
        -: 1017:	}
    #####: 1018:      else if (choice1 == 2)
branch  0 never executed
branch  1 never executed
        -: 1019:	{
        -: 1020:	  //+2 coins
    #####: 1021:	  state->coins = state->coins + 2;
        -: 1022:	}
        -: 1023:      else
        -: 1024:	{
        -: 1025:	  //trash 2 cards in hand
    #####: 1026:	  discardCard(choice2, currentPlayer, state, 1);
call    0 never executed
    #####: 1027:	  discardCard(choice3, currentPlayer, state, 1);
call    0 never executed
        -: 1028:	}
        -: 1029:			
        -: 1030:      //discard card from hand
    #####: 1031:      discardCard(handPos, currentPlayer, state, 0);
call    0 never executed
    #####: 1032:      return 0;
        -: 1033:		
        -: 1034:    case tribute:
    #####: 1035:      if ((state->discardCount[nextPlayer] + state->deckCount[nextPlayer]) <= 1){
branch  0 never executed
branch  1 never executed
    #####: 1036:	if (state->deckCount[nextPlayer] > 0){
branch  0 never executed
branch  1 never executed
    #####: 1037:	  tributeRevealedCards[0] = state->deck[nextPlayer][state->deckCount[nextPlayer]-1];
    #####: 1038:	  state->deckCount[nextPlayer]--;
        -: 1039:	}
    #####: 1040:	else if (state->discardCount[nextPlayer] > 0){
branch  0 never executed
branch  1 never executed
    #####: 1041:	  tributeRevealedCards[0] = state->discard[nextPlayer][state->discardCount[nextPlayer]-1];
    #####: 1042:	  state->discardCount[nextPlayer]--;
        -: 1043:	}
        -: 1044:	else{
        -: 1045:	  //No Card to Reveal
        -: 1046:	  if (DEBUG){
        -: 1047:	    printf("No cards to reveal\n");
        -: 1048:	  }
        -: 1049:	}
        -: 1050:      }
        -: 1051:	    
        -: 1052:      else{
    #####: 1053:	if (state->deckCount[nextPlayer] == 0){
branch  0 never executed
branch  1 never executed
    #####: 1054:	  for (i = 0; i < state->discardCount[nextPlayer]; i++){
branch  0 never executed
branch  1 never executed
    #####: 1055:	    state->deck[nextPlayer][i] = state->discard[nextPlayer][i];//Move to deck
    #####: 1056:	    state->deckCount[nextPlayer]++;
    #####: 1057:	    state->discard[nextPlayer][i] = -1;
    #####: 1058:	    state->discardCount[nextPlayer]--;
        -: 1059:	  }
        -: 1060:			    
    #####: 1061:	  shuffle(nextPlayer,state);//Shuffle the deck
call    0 never executed
        -: 1062:	} 
    #####: 1063:	tributeRevealedCards[0] = state->deck[nextPlayer][state->deckCount[nextPlayer]-1];
    #####: 1064:	state->deck[nextPlayer][state->deckCount[nextPlayer]--] = -1;
    #####: 1065:	state->deckCount[nextPlayer]--;
    #####: 1066:	tributeRevealedCards[1] = state->deck[nextPlayer][state->deckCount[nextPlayer]-1];
    #####: 1067:	state->deck[nextPlayer][state->deckCount[nextPlayer]--] = -1;
    #####: 1068:	state->deckCount[nextPlayer]--;
        -: 1069:      }    
        -: 1070:		       
    #####: 1071:      if (tributeRevealedCards[0] == tributeRevealedCards[1]){//If we have a duplicate card, just drop one 
branch  0 never executed
branch  1 never executed
    #####: 1072:	state->playedCards[state->playedCardCount] = tributeRevealedCards[1];
    #####: 1073:	state->playedCardCount++;
    #####: 1074:	tributeRevealedCards[1] = -1;
        -: 1075:      }
        -: 1076:
    #####: 1077:      for (i = 0; i <= 2; i ++){
branch  0 never executed
branch  1 never executed
    #####: 1078:	if (tributeRevealedCards[i] == copper || tributeRevealedCards[i] == silver || tributeRevealedCards[i] == gold){//Treasure cards
branch  0 never executed
branch  1 never executed
branch  2 never executed
branch  3 never executed
branch  4 never executed
branch  5 never executed
    #####: 1079:	  state->coins += 2;
        -: 1080:	}
        -: 1081:		    
    #####: 1082:	else if (tributeRevealedCards[i] == estate || tributeRevealedCards[i] == duchy || tributeRevealedCards[i] == province || tributeRevealedCards[i] == gardens || tributeRevealedCards[i] == great_hall){//Victory Card Found
branch  0 never executed
branch  1 never executed
branch  2 never executed
branch  3 never executed
branch  4 never executed
branch  5 never executed
branch  6 never executed
branch  7 never executed
branch  8 never executed
branch  9 never executed
    #####: 1083:	  drawCard(currentPlayer, state);
call    0 never executed
    #####: 1084:	  drawCard(currentPlayer, state);
call    0 never executed
        -: 1085:	}
        -: 1086:	else{//Action Card
    #####: 1087:	  state->numActions = state->numActions + 2;
        -: 1088:	}
        -: 1089:      }
        -: 1090:	    
    #####: 1091:      return 0;
        -: 1092:		
        -: 1093:    case ambassador:
    #####: 1094:      j = 0;		//used to check if player has enough cards to discard
        -: 1095:
    #####: 1096:      if (choice2 > 2 || choice2 < 0)
branch  0 never executed
branch  1 never executed
branch  2 never executed
branch  3 never executed
        -: 1097:	{
    #####: 1098:	  return -1;				
        -: 1099:	}
        -: 1100:
    #####: 1101:      if (choice1 == handPos)
branch  0 never executed
branch  1 never executed
        -: 1102:	{
    #####: 1103:	  return -1;
        -: 1104:	}
        -: 1105:
    #####: 1106:      for (i = 0; i < state->handCount[currentPlayer]; i++)
branch  0 never executed
branch  1 never executed
        -: 1107:	{
    #####: 1108:	  if (i != handPos && i == state->hand[currentPlayer][choice1] && i != choice1)
branch  0 never executed
branch  1 never executed
branch  2 never executed
branch  3 never executed
branch  4 never executed
branch  5 never executed
        -: 1109:	    {
    #####: 1110:	      j++;
        -: 1111:	    }
        -: 1112:	}
    #####: 1113:      if (j < choice2)
branch  0 never executed
branch  1 never executed
        -: 1114:	{
    #####: 1115:	  return -1;				
        -: 1116:	}
        -: 1117:
        -: 1118:      if (DEBUG) 
        -: 1119:	printf("Player %d reveals card number: %d\n", currentPlayer, state->hand[currentPlayer][choice1]);
        -: 1120:
        -: 1121:      //increase supply count for choosen card by amount being discarded
    #####: 1122:      state->supplyCount[state->hand[currentPlayer][choice1]] += choice2;
        -: 1123:			
        -: 1124:      //each other player gains a copy of revealed card
    #####: 1125:      for (i = 0; i < state->numPlayers; i++)
branch  0 never executed
branch  1 never executed
        -: 1126:	{
    #####: 1127:	  if (i != currentPlayer)
branch  0 never executed
branch  1 never executed
        -: 1128:	    {
    #####: 1129:	      gainCard(state->hand[currentPlayer][choice1], state, 0, i);
call    0 never executed
        -: 1130:	    }
        -: 1131:	}
        -: 1132:
        -: 1133:      //discard played card from hand
    #####: 1134:      discardCard(handPos, currentPlayer, state, 0);			
call    0 never executed
        -: 1135:
        -: 1136:      //trash copies of cards returned to supply
    #####: 1137:      for (j = 0; j < choice2; j++)
branch  0 never executed
branch  1 never executed
        -: 1138:	{
    #####: 1139:	  for (i = 0; i < state->handCount[currentPlayer]; i++)
branch  0 never executed
branch  1 never executed
        -: 1140:	    {
    #####: 1141:	      if (state->hand[currentPlayer][i] == state->hand[currentPlayer][choice1])
branch  0 never executed
branch  1 never executed
        -: 1142:		{
    #####: 1143:		  discardCard(i, currentPlayer, state, 1);
call    0 never executed
    #####: 1144:		  break;
        -: 1145:		}
        -: 1146:	    }
        -: 1147:	}			
        -: 1148:
    #####: 1149:      return 0;
        -: 1150:		
        -: 1151:    case cutpurse:
        -: 1152:
    #####: 1153:      updateCoins(currentPlayer, state, 2);
call    0 never executed
    #####: 1154:      for (i = 0; i < state->numPlayers; i++)
branch  0 never executed
branch  1 never executed
        -: 1155:	{
    #####: 1156:	  if (i != currentPlayer)
branch  0 never executed
branch  1 never executed
        -: 1157:	    {
    #####: 1158:	      for (j = 0; j < state->handCount[i]; j++)
branch  0 never executed
branch  1 never executed
        -: 1159:		{
    #####: 1160:		  if (state->hand[i][j] == copper)
branch  0 never executed
branch  1 never executed
        -: 1161:		    {
    #####: 1162:		      discardCard(j, i, state, 0);
call    0 never executed
    #####: 1163:		      break;
        -: 1164:		    }
    #####: 1165:		  if (j == state->handCount[i])
branch  0 never executed
branch  1 never executed
        -: 1166:		    {
    #####: 1167:		      for (k = 0; k < state->handCount[i]; k++)
branch  0 never executed
branch  1 never executed
        -: 1168:			{
        -: 1169:			  if (DEBUG)
        -: 1170:			    printf("Player %d reveals card number %d\n", i, state->hand[i][k]);
        -: 1171:			}	
    #####: 1172:		      break;
        -: 1173:		    }		
        -: 1174:		}
        -: 1175:					
        -: 1176:	    }
        -: 1177:				
        -: 1178:	}				
        -: 1179:
        -: 1180:      //discard played card from hand
    #####: 1181:      discardCard(handPos, currentPlayer, state, 0);			
call    0 never executed
        -: 1182:
    #####: 1183:      return 0;
        -: 1184:
        -: 1185:		
        -: 1186:    case embargo: 
        -: 1187:      //+2 Coins
    #####: 1188:      state->coins = state->coins + 2;
        -: 1189:			
        -: 1190:      //see if selected pile is in play
    #####: 1191:      if ( state->supplyCount[choice1] == -1 )
branch  0 never executed
branch  1 never executed
        -: 1192:	{
    #####: 1193:	  return -1;
        -: 1194:	}
        -: 1195:			
        -: 1196:      //add embargo token to selected supply pile
    #####: 1197:      state->embargoTokens[choice1]++;
        -: 1198:			
        -: 1199:      //trash card
    #####: 1200:      discardCard(handPos, currentPlayer, state, 1);		
call    0 never executed
    #####: 1201:      return 0;
        -: 1202:		
        -: 1203:    case outpost:
        -: 1204:      //set outpost flag
    #####: 1205:      state->outpostPlayed++;
        -: 1206:			
        -: 1207:      //discard card
    #####: 1208:      discardCard(handPos, currentPlayer, state, 0);
call    0 never executed
    #####: 1209:      return 0;
        -: 1210:		
        -: 1211:    case salvager:
        -: 1212:      //+1 buy
    #####: 1213:      state->numBuys++;
        -: 1214:			
    #####: 1215:      if (choice1)
branch  0 never executed
branch  1 never executed
        -: 1216:	{
        -: 1217:	  //gain coins equal to trashed card
    #####: 1218:	  state->coins = state->coins + getCost( handCard(choice1, state) );
call    0 never executed
call    1 never executed
        -: 1219:	  //trash card
    #####: 1220:	  discardCard(choice1, currentPlayer, state, 1);	
call    0 never executed
        -: 1221:	}
        -: 1222:			
        -: 1223:      //discard card
    #####: 1224:      discardCard(handPos, currentPlayer, state, 0);
call    0 never executed
    #####: 1225:      return 0;
        -: 1226:		
        -: 1227:    case sea_hag:
    #####: 1228:      for (i = 0; i < state->numPlayers; i++){
branch  0 never executed
branch  1 never executed
    #####: 1229:	if (i != currentPlayer){
branch  0 never executed
branch  1 never executed
    #####: 1230:	  state->discard[i][state->discardCount[i]] = state->deck[i][state->deckCount[i]--];			    state->deckCount[i]--;
    #####: 1231:	  state->discardCount[i]++;
    #####: 1232:	  state->deck[i][state->deckCount[i]--] = curse;//Top card now a curse
        -: 1233:	}
        -: 1234:      }
    #####: 1235:      return 0;
        -: 1236:		
        -: 1237:    case treasure_map:
        -: 1238:      //search hand for another treasure_map
    #####: 1239:      index = -1;
    #####: 1240:      for (i = 0; i < state->handCount[currentPlayer]; i++)
branch  0 never executed
branch  1 never executed
        -: 1241:	{
    #####: 1242:	  if (state->hand[currentPlayer][i] == treasure_map && i != handPos)
branch  0 never executed
branch  1 never executed
branch  2 never executed
branch  3 never executed
        -: 1243:	    {
    #####: 1244:	      index = i;
    #####: 1245:	      break;
        -: 1246:	    }
        -: 1247:	}
    #####: 1248:      if (index > -1)
branch  0 never executed
branch  1 never executed
        -: 1249:	{
        -: 1250:	  //trash both treasure cards
    #####: 1251:	  discardCard(handPos, currentPlayer, state, 1);
call    0 never executed
    #####: 1252:	  discardCard(index, currentPlayer, state, 1);
call    0 never executed
        -: 1253:
        -: 1254:	  //gain 4 Gold cards
    #####: 1255:	  for (i = 0; i < 4; i++)
branch  0 never executed
branch  1 never executed
        -: 1256:	    {
    #####: 1257:	      gainCard(gold, state, 1, currentPlayer);
call    0 never executed
        -: 1258:	    }
        -: 1259:				
        -: 1260:	  //return success
    #####: 1261:	  return 1;
        -: 1262:	}
        -: 1263:			
        -: 1264:      //no second treasure_map found in hand
    #####: 1265:      return -1;
        -: 1266:    }
        -: 1267:	
    #####: 1268:  return -1;
        -: 1269:}
        -: 1270:
function discardCard called 4 returned 100% blocks executed 78%
        4: 1271:int discardCard(int handPos, int currentPlayer, struct gameState *state, int trashFlag)
        -: 1272:{
        -: 1273:	
        -: 1274:  //if card is not trashed, added to Played pile 
        4: 1275:  if (trashFlag < 1)
branch  0 taken 100% (fallthrough)
branch  1 taken 0%
        -: 1276:    {
        -: 1277:      //add card to played pile
        4: 1278:      state->playedCards[state->playedCardCount] = state->hand[currentPlayer][handPos]; 
        4: 1279:      state->playedCardCount++;
        -: 1280:    }
        -: 1281:	
        -: 1282:  //set played card to -1
        4: 1283:  state->hand[currentPlayer][handPos] = -1;
        -: 1284:	
        -: 1285:  //remove card from player's hand
        4: 1286:  if ( handPos == (state->handCount[currentPlayer] - 1) ) 	//last card in hand array is played
branch  0 taken 0% (fallthrough)
branch  1 taken 100%
        -: 1287:    {
        -: 1288:      //reduce number of cards in hand
    #####: 1289:      state->handCount[currentPlayer]--;
        -: 1290:    }
        4: 1291:  else if ( state->handCount[currentPlayer] == 1 ) //only one card in hand
branch  0 taken 0% (fallthrough)
branch  1 taken 100%
        -: 1292:    {
        -: 1293:      //reduce number of cards in hand
    #####: 1294:      state->handCount[currentPlayer]--;
        -: 1295:    }
        -: 1296:  else 	
        -: 1297:    {
        -: 1298:      //replace discarded card with last card in hand
        4: 1299:      state->hand[currentPlayer][handPos] = state->hand[currentPlayer][ (state->handCount[currentPlayer] - 1)];
        -: 1300:      //set last card to -1
        4: 1301:      state->hand[currentPlayer][state->handCount[currentPlayer] - 1] = -1;
        -: 1302:      //reduce number of cards in hand
        4: 1303:      state->handCount[currentPlayer]--;
        -: 1304:    }
        -: 1305:	
        4: 1306:  return 0;
        -: 1307:}
        -: 1308:
function gainCard called 1 returned 100% blocks executed 70%
        1: 1309:int gainCard(int supplyPos, struct gameState *state, int toFlag, int player)
        -: 1310:{
        -: 1311:  //Note: supplyPos is enum of choosen card
        -: 1312:	
        -: 1313:  //check if supply pile is empty (0) or card is not used in game (-1)
        1: 1314:  if ( supplyCount(supplyPos, state) < 1 )
call    0 returned 100%
branch  1 taken 0% (fallthrough)
branch  2 taken 100%
        -: 1315:    {
    #####: 1316:      return -1;
        -: 1317:    }
        -: 1318:	
        -: 1319:  //added card for [whoseTurn] current player:
        -: 1320:  // toFlag = 0 : add to discard
        -: 1321:  // toFlag = 1 : add to deck
        -: 1322:  // toFlag = 2 : add to hand
        -: 1323:
        1: 1324:  if (toFlag == 1)
branch  0 taken 0% (fallthrough)
branch  1 taken 100%
        -: 1325:    {
    #####: 1326:      state->deck[ player ][ state->deckCount[player] ] = supplyPos;
    #####: 1327:      state->deckCount[player]++;
        -: 1328:    }
        1: 1329:  else if (toFlag == 2)
branch  0 taken 100% (fallthrough)
branch  1 taken 0%
        -: 1330:    {
        1: 1331:      state->hand[ player ][ state->handCount[player] ] = supplyPos;
        1: 1332:      state->handCount[player]++;
        -: 1333:    }
        -: 1334:  else
        -: 1335:    {
    #####: 1336:      state->discard[player][ state->discardCount[player] ] = supplyPos;
    #####: 1337:      state->discardCount[player]++;
        -: 1338:    }
        -: 1339:	
        -: 1340:  //decrease number in supply pile
        1: 1341:  state->supplyCount[supplyPos]--;
        -: 1342:	 
        1: 1343:  return 0;
        -: 1344:}
        -: 1345:
function updateCoins called 8 returned 100% blocks executed 82%
        8: 1346:int updateCoins(int player, struct gameState *state, int bonus)
        -: 1347:{
        -: 1348:  int i;
        -: 1349:	
        -: 1350:  //reset coin count
        8: 1351:  state->coins = 0;
        -: 1352:
        -: 1353:  //add coins for each Treasure card in player's hand
       48: 1354:  for (i = 0; i < state->handCount[player]; i++)
branch  0 taken 83%
branch  1 taken 17% (fallthrough)
        -: 1355:    {
       40: 1356:      if (state->hand[player][i] == copper)
branch  0 taken 80% (fallthrough)
branch  1 taken 20%
        -: 1357:	{
       32: 1358:	  state->coins += 1;
        -: 1359:	}
        8: 1360:      else if (state->hand[player][i] == silver)
branch  0 taken 0% (fallthrough)
branch  1 taken 100%
        -: 1361:	{
    #####: 1362:	  state->coins += 2;
        -: 1363:	}
        8: 1364:      else if (state->hand[player][i] == gold)
branch  0 taken 0% (fallthrough)
branch  1 taken 100%
        -: 1365:	{
    #####: 1366:	  state->coins += 3;
        -: 1367:	}	
        -: 1368:    }	
        -: 1369:
        -: 1370:  //add bonus
        8: 1371:  state->coins += bonus;
        -: 1372:
        8: 1373:  return 0;
        -: 1374:}
        -: 1375:
        -: 1376:
        -: 1377://end of dominion.c
        -: 1378:
